<?xml version="1.0" encoding="UTF-8"?>
<!-- Generated by org.testng.reporters.JUnitReportReporter -->
<testsuite hostname="DESKTOP-UOLKNP7" failures="0" tests="1" name="testNGimplentation.UsrRestViewMenuFeatureToOrderTestNgTest" time="13.038" errors="0" timestamp="2023-05-26T15:17:23 IST" skipped="0">
  <testcase classname="testNGimplentation.UsrRestViewMenuFeatureToOrderTestNgTest" name="sCript_49" time="13.038"/>
  <system-out>
    <![CDATA[home page is displaying
dish is orderd
UsrRestViewMenuFeatureToOrderTestNgTest: is passed ]]>
  </system-out>
</testsuite> <!-- testNGimplentation.UsrRestViewMenuFeatureToOrderTestNgTest -->
