<?xml version="1.0" encoding="UTF-8"?>
<!-- Generated by org.testng.reporters.JUnitReportReporter -->
<testsuite hostname="DESKTOP-UOLKNP7" failures="0" tests="1" name="com.ecom.AdminCredentials.AddRestaurantsTest" time="15.960" errors="0" timestamp="2023-05-25T15:13:26 IST" skipped="0">
  <testcase classname="com.ecom.AdminCredentials.AddRestaurantsTest" name="script_addrestaurant" time="15.960"/>
  <system-out/>
</testsuite> <!-- com.ecom.AdminCredentials.AddRestaurantsTest -->
