<?xml version="1.0" encoding="UTF-8"?>
<!-- Generated by org.testng.reporters.JUnitReportReporter -->
<testsuite hostname="DESKTOP-UOLKNP7" failures="0" tests="1" name="com.ecom.UsersCredentials.MyorderDeleteTest" time="22.035" errors="0" timestamp="2023-05-25T14:41:33 IST" skipped="0">
  <testcase classname="com.ecom.UsersCredentials.MyorderDeleteTest" name="script_48" time="22.035"/>
  <system-out>
    <![CDATA[Login
home page is not displaying
dish is  deleted]]>
  </system-out>
</testsuite> <!-- com.ecom.UsersCredentials.MyorderDeleteTest -->
