<?xml version="1.0" encoding="UTF-8"?>
<!-- Generated by org.testng.reporters.JUnitReportReporter -->
<testsuite hostname="DESKTOP-UOLKNP7" failures="0" tests="1" name="testNGimplentation.UsrMyorderDeleteTestNgTest" time="8.412" errors="0" timestamp="2023-05-26T15:01:34 IST" skipped="0">
  <testcase classname="testNGimplentation.UsrMyorderDeleteTestNgTest" name="script_48" time="8.412"/>
  <system-out>
    <![CDATA[Login
home page is displaying
dish is not deleted
UsrMyorderDeleteTestNgTest--: is passed ]]>
  </system-out>
</testsuite> <!-- testNGimplentation.UsrMyorderDeleteTestNgTest -->
