<?xml version="1.0" encoding="UTF-8"?>
<!-- Generated by org.testng.reporters.JUnitReportReporter -->
<testsuite hostname="DESKTOP-UOLKNP7" failures="0" tests="1" name="com.ecom.UsersCredentials.RestaruntViewMenuFeatureToOrderTest" time="13.431" errors="0" timestamp="2023-05-25T14:42:37 IST" skipped="0">
  <testcase classname="com.ecom.UsersCredentials.RestaruntViewMenuFeatureToOrderTest" name="sCript_49" time="13.431"/>
  <system-out/>
</testsuite> <!-- com.ecom.UsersCredentials.RestaruntViewMenuFeatureToOrderTest -->
