<?xml version="1.0" encoding="UTF-8"?>
<!-- Generated by org.testng.reporters.JUnitReportReporter -->
<testsuite hostname="DESKTOP-UOLKNP7" failures="0" tests="1" name="testNGimplentation.DataFlowBtnAddandListCategoryTestNgTest" time="8.535" errors="0" timestamp="2023-05-30T09:56:43 IST" skipped="0">
  <testcase classname="testNGimplentation.DataFlowBtnAddandListCategoryTestNgTest" name="script_18" time="8.535"/>
  <system-out>
    <![CDATA[Admin Panel Page is Disaplayed
Add Restaurant Category Page is Displayed
pureveg363 :  is displayed Listed Categories 
DataFlowBtnAddandListCategoryTestNgTest------- is passed]]>
  </system-out>
</testsuite> <!-- testNGimplentation.DataFlowBtnAddandListCategoryTestNgTest -->
