<?xml version="1.0" encoding="UTF-8"?>
<!-- Generated by org.testng.reporters.JUnitReportReporter -->
<testsuite hostname="DESKTOP-UOLKNP7" failures="0" tests="1" name="com.ecom.AdminCredentials.DataFlowBetweenaddAndListCategoryTest" time="8.855" errors="0" timestamp="2023-05-25T15:10:04 IST" skipped="0">
  <testcase classname="com.ecom.AdminCredentials.DataFlowBetweenaddAndListCategoryTest" name="script_18" time="8.855"/>
  <system-out/>
</testsuite> <!-- com.ecom.AdminCredentials.DataFlowBetweenaddAndListCategoryTest -->
