<?xml version="1.0" encoding="UTF-8"?>
<!-- Generated by org.testng.reporters.JUnitReportReporter -->
<testsuite hostname="DESKTOP-UOLKNP7" failures="0" tests="3" name="dataProviderPractice.ReadTheDataExcelDpTest" time="0.019" errors="0" timestamp="2023-05-24T12:07:54 IST" skipped="0">
  <testcase classname="dataProviderPractice.ReadTheDataExcelDpTest" name="data" time="0.004"/>
  <system-out/>
  <testcase classname="dataProviderPractice.ReadTheDataExcelDpTest" name="data" time="0.011"/>
  <system-out/>
  <testcase classname="dataProviderPractice.ReadTheDataExcelDpTest" name="data" time="0.004"/>
  <system-out/>
</testsuite> <!-- dataProviderPractice.ReadTheDataExcelDpTest -->
