<?xml version="1.0" encoding="UTF-8"?>
<!-- Generated by org.testng.reporters.JUnitReportReporter -->
<testsuite hostname="DESKTOP-UOLKNP7" failures="0" tests="3" name="dataProviderPractice.DpExcelOutsideClassTest" time="0.022" errors="0" timestamp="2023-05-24T12:12:19 IST" skipped="0">
  <testcase classname="dataProviderPractice.DpExcelOutsideClassTest" name="data" time="0.004"/>
  <system-out/>
  <testcase classname="dataProviderPractice.DpExcelOutsideClassTest" name="data" time="0.015"/>
  <system-out/>
  <testcase classname="dataProviderPractice.DpExcelOutsideClassTest" name="data" time="0.003"/>
  <system-out/>
</testsuite> <!-- dataProviderPractice.DpExcelOutsideClassTest -->
