<?xml version="1.0" encoding="UTF-8"?>
<!-- Generated by org.testng.reporters.JUnitReportReporter -->
<testsuite hostname="DESKTOP-UOLKNP7" failures="0" tests="3" name="practiceDataprovider.DataproTest22" time="0.034" errors="0" timestamp="2023-05-23T22:06:38 IST" skipped="0">
  <testcase classname="practiceDataprovider.DataproTest22" name="getdata" time="0.008"/>
  <system-out/>
  <testcase classname="practiceDataprovider.DataproTest22" name="getdata" time="0.019"/>
  <system-out/>
  <testcase classname="practiceDataprovider.DataproTest22" name="getdata" time="0.007"/>
  <system-out/>
</testsuite> <!-- practiceDataprovider.DataproTest22 -->
