<?xml version="1.0" encoding="UTF-8"?>
<!-- Generated by org.testng.reporters.JUnitReportReporter -->
<testsuite hostname="DESKTOP-UOLKNP7" failures="0" tests="4" name="com.ecom.TestNgpractice.DataProviderTest" time="0.044" errors="0" timestamp="2023-05-24T11:35:23 IST" skipped="0">
  <testcase classname="com.ecom.TestNgpractice.DataProviderTest" name="getData" time="0.017"/>
  <system-out/>
  <testcase classname="com.ecom.TestNgpractice.DataProviderTest" name="getData" time="0.011"/>
  <system-out/>
  <testcase classname="com.ecom.TestNgpractice.DataProviderTest" name="getData" time="0.004"/>
  <system-out/>
  <testcase classname="com.ecom.TestNgpractice.DataProviderTest" name="getData" time="0.012"/>
  <system-out/>
</testsuite> <!-- com.ecom.TestNgpractice.DataProviderTest -->
