<?xml version="1.0" encoding="UTF-8"?>
<!-- Generated by org.testng.reporters.JUnitReportReporter -->
<testsuite hostname="DESKTOP-UOLKNP7" failures="0" tests="2" name="practiceDataprovider.DataProvider11" time="0.020" errors="0" timestamp="2023-05-24T09:58:03 IST" skipped="0">
  <testcase classname="practiceDataprovider.DataProvider11" name="getdata2" time="0.004"/>
  <system-out/>
  <testcase classname="practiceDataprovider.DataProvider11" name="getdata2" time="0.016"/>
  <system-out/>
</testsuite> <!-- practiceDataprovider.DataProvider11 -->
