<?xml version="1.0" encoding="UTF-8"?>
<!-- Generated by org.testng.reporters.JUnitReportReporter -->
<testsuite hostname="DESKTOP-UOLKNP7" failures="0" tests="4" name="com.ecom.TestNgpractice.DataproTest" time="0.024" errors="0" timestamp="2023-05-23T19:49:11 IST" skipped="0">
  <testcase classname="com.ecom.TestNgpractice.DataproTest" name="getdata" time="0.013"/>
  <system-out/>
  <testcase classname="com.ecom.TestNgpractice.DataproTest" name="getdata" time="0.003"/>
  <system-out/>
  <testcase classname="com.ecom.TestNgpractice.DataproTest" name="getdata" time="0.004"/>
  <system-out/>
  <testcase classname="com.ecom.TestNgpractice.DataproTest" name="getdata" time="0.004"/>
  <system-out/>
</testsuite> <!-- com.ecom.TestNgpractice.DataproTest -->
