<?xml version="1.0" encoding="UTF-8"?>
<!-- Generated by org.testng.reporters.JUnitReportReporter -->
<testsuite hostname="DESKTOP-UOLKNP7" failures="0" tests="3" name="practiceDataprovider.Dataprovide22" time="0.052" errors="0" timestamp="2023-05-23T22:07:27 IST" skipped="0">
  <testcase classname="practiceDataprovider.Dataprovide22" name="getdata" time="0.022"/>
  <system-out/>
  <testcase classname="practiceDataprovider.Dataprovide22" name="getdata" time="0.023"/>
  <system-out/>
  <testcase classname="practiceDataprovider.Dataprovide22" name="getdata" time="0.007"/>
  <system-out/>
</testsuite> <!-- practiceDataprovider.Dataprovide22 -->
