<?xml version="1.0" encoding="UTF-8"?>
<!-- Generated by org.testng.reporters.JUnitReportReporter -->
<testsuite hostname="DESKTOP-UOLKNP7" failures="0" tests="2" name="practiceDataprovider.DataproTest11" time="0.017" errors="0" timestamp="2023-05-23T22:05:19 IST" skipped="0">
  <testcase classname="practiceDataprovider.DataproTest11" name="getdata2" time="0.004"/>
  <system-out/>
  <testcase classname="practiceDataprovider.DataproTest11" name="getdata2" time="0.013"/>
  <system-out/>
</testsuite> <!-- practiceDataprovider.DataproTest11 -->
