<?xml version="1.0" encoding="UTF-8"?>
<!-- Generated by org.testng.reporters.JUnitReportReporter -->
<testsuite hostname="DESKTOP-UOLKNP7" failures="0" tests="3" name="com.ecom.TestNgpractice.TestNgTest" time="0.017" errors="0" timestamp="2023-05-23T17:20:12 IST" skipped="2">
  <testcase classname="com.ecom.TestNgpractice.TestNgTest" name="update" time="0.017"/>
  <system-out/>
  <testcase classname="com.ecom.TestNgpractice.TestNgTest" name="create">
    <skipped/>
  </testcase> <!-- create -->
  <system-out/>
  <testcase classname="com.ecom.TestNgpractice.TestNgTest" name="delet">
    <skipped/>
  </testcase> <!-- delet -->
  <system-out/>
</testsuite> <!-- com.ecom.TestNgpractice.TestNgTest -->
